

Microchip MPLAB XC8 Assembler V2.46 build 20240104201356 
                                                                                               Fri Apr 12 18:37:10 2024

Microchip MPLAB XC8 C Compiler v2.46 (Free license) build 20240104201356 Og1 
     1                           	processor	12F629
     2                           	pagewidth 120
     3                           	opt	flic
     4                           	psect	cinit,global,class=CODE,merge=1,delta=2
     5                           	psect	bssBANK0,global,class=BANK0,space=1,delta=1,noexec
     6                           	psect	cstackCOMMON,global,class=COMMON,space=1,delta=1,noexec
     7                           	psect	cstackBANK0,global,class=BANK0,space=1,delta=1,noexec
     8                           	psect	maintext,global,class=CODE,split=1,delta=2
     9                           	psect	config,global,abs,ovrld,class=CONFIG,space=4,delta=2,noexec
    10                           	dabs	1,0x5E,2
    11     0000                     
    12                           ; Generated 17/08/2023 GMT
    13                           ; 
    14                           ; Copyright © 2023, Microchip Technology Inc. and its subsidiaries ("Microchip")
    15                           ; All rights reserved.
    16                           ; 
    17                           ; This software is developed by Microchip Technology Inc. and its subsidiaries ("Microch
      +                          ip").
    18                           ; 
    19                           ; Redistribution and use in source and binary forms, with or without modification, are
    20                           ; permitted provided that the following conditions are met:
    21                           ; 
    22                           ;     1. Redistributions of source code must retain the above copyright notice, this lis
      +                          t of
    23                           ;        conditions and the following disclaimer.
    24                           ; 
    25                           ;     2. Redistributions in binary form must reproduce the above copyright notice, this 
      +                          list
    26                           ;        of conditions and the following disclaimer in the documentation and/or other
    27                           ;        materials provided with the distribution. Publication is not required when
    28                           ;        this file is used in an embedded application.
    29                           ; 
    30                           ;     3. Microchip's name may not be used to endorse or promote products derived from th
      +                          is
    31                           ;        software without specific prior written permission.
    32                           ; 
    33                           ; THIS SOFTWARE IS PROVIDED BY MICROCHIP "AS IS" AND ANY EXPRESS OR IMPLIED WARRANTIES,
    34                           ; INCLUDING, BUT NOT LIMITED TO, THE IMPLIED WARRANTIES OF MERCHANTABILITY AND FITNESS F
      +                          OR
    35                           ; PURPOSE ARE DISCLAIMED.  IN NO EVENT SHALL MICROCHIP BE LIABLE FOR ANY DIRECT, INDIREC
      +                          T,
    36                           ; INCIDENTAL, SPECIAL, EXEMPLARY, OR CONSEQUENTIAL DAMAGES (INCLUDING BUT NOT LIMITED TO
    37                           ; PROCUREMENT OF SUBSTITUTE GOODS OR SERVICES; LOSS OF USE, DATA OR PROFITS; OR BUSINESS
    38                           ; INTERRUPTION) HOWSOEVER CAUSED AND ON ANY THEORY OF LIABILITY, WHETHER IN CONTRACT, ST
      +                          RICT
    39                           ; LIABILITY, OR TORT (INCLUDING NEGLIGENCE OR OTHERWISE) ARISING IN ANY WAY OUT OF THE U
      +                          SE OF
    40                           ; THIS SOFTWARE, EVEN IF ADVISED OF THE POSSIBILITY OF SUCH DAMAGE.
    41                           ; 
    42                           ; 
    43                           ; Code-generator required, PIC12F629 Definitions
    44                           ; 
    45                           ; SFR Addresses
    46     0000                     	;# 
    47     0001                     	;# 
    48     0002                     	;# 
    49     0003                     	;# 
    50     0004                     	;# 
    51     0005                     	;# 
    52     000A                     	;# 
    53     000B                     	;# 
    54     000C                     	;# 
    55     000E                     	;# 
    56     000E                     	;# 
    57     000F                     	;# 
    58     0010                     	;# 
    59     0019                     	;# 
    60     0081                     	;# 
    61     0085                     	;# 
    62     008C                     	;# 
    63     008E                     	;# 
    64     0090                     	;# 
    65     0095                     	;# 
    66     0096                     	;# 
    67     0096                     	;# 
    68     0099                     	;# 
    69     009A                     	;# 
    70     009A                     	;# 
    71     009B                     	;# 
    72     009C                     	;# 
    73     009D                     	;# 
    74     0000                     	;# 
    75     0001                     	;# 
    76     0002                     	;# 
    77     0003                     	;# 
    78     0004                     	;# 
    79     0005                     	;# 
    80     000A                     	;# 
    81     000B                     	;# 
    82     000C                     	;# 
    83     000E                     	;# 
    84     000E                     	;# 
    85     000F                     	;# 
    86     0010                     	;# 
    87     0019                     	;# 
    88     0081                     	;# 
    89     0085                     	;# 
    90     008C                     	;# 
    91     008E                     	;# 
    92     0090                     	;# 
    93     0095                     	;# 
    94     0096                     	;# 
    95     0096                     	;# 
    96     0099                     	;# 
    97     009A                     	;# 
    98     009A                     	;# 
    99     009B                     	;# 
   100     009C                     	;# 
   101     009D                     	;# 
   102                           
   103                           	psect	cinit
   104     03F8                     start_initialization:	
   105                           ; #config settings
   106                           
   107     03F8                     __initialization:
   108                           
   109                           ; Clear objects allocated to BANK0
   110     03F8  1283               	bcf	3,5	;RP0=0, select bank0
   111     03F9  01A0               	clrf	__pbssBANK0& (0+127)
   112     03FA  01A1               	clrf	(__pbssBANK0+1)& (0+127)
   113     03FB  01A2               	clrf	(__pbssBANK0+2)& (0+127)
   114     03FC  01A3               	clrf	(__pbssBANK0+3)& (0+127)
   115     03FD                     end_of_initialization:	
   116                           ;End of C runtime variable initialization code
   117                           
   118     03FD                     __end_of__initialization:
   119     03FD  0183               	clrf	3
   120     03FE  2BE6               	ljmp	_main	;jump to C main() function
   121                           
   122                           	psect	bssBANK0
   123     0020                     __pbssBANK0:
   124     0020                     _num_b:
   125     0020                     	ds	2
   126     0022                     _num_a:
   127     0022                     	ds	2
   128                           
   129                           	psect	cstackCOMMON
   130     0000                     __pcstackCOMMON:
   131     0000                     ??_main:
   132                           
   133                           	psect	cstackBANK0
   134     0000                     __pcstackBANK0:	
   135                           ; 1 bytes @ 0x0
   136                           
   137     0000                     ?_main:
   138                           
   139                           	psect	maintext
   140     03E6                     __pmaintext:	
   141                           ; 1 bytes @ 0x0
   142 ;;
   143 ;;Main: autosize = 0, tempsize = 0, incstack = 0, save=0
   144 ;;
   145 ;; *************** function _main *****************
   146 ;; Defined at:
   147 ;;		line 21 in file "tp1.c"
   148 ;; Parameters:    Size  Location     Type
   149 ;;		None
   150 ;; Auto vars:     Size  Location     Type
   151 ;;		None
   152 ;; Return value:  Size  Location     Type
   153 ;;                  1    wreg      void 
   154 ;; Registers used:
   155 ;;		wreg, status,2, status,0
   156 ;; Tracked objects:
   157 ;;		On entry : B00/0
   158 ;;		On exit  : 0/0
   159 ;;		Unchanged: 0/0
   160 ;; Data sizes:     COMMON   BANK0
   161 ;;      Params:         0       0
   162 ;;      Locals:         0       0
   163 ;;      Temps:          0       0
   164 ;;      Totals:         0       0
   165 ;;Total ram usage:        0 bytes
   166 ;; This function calls:
   167 ;;		Nothing
   168 ;; This function is called by:
   169 ;;		Startup code after reset
   170 ;; This function uses a non-reentrant model
   171 ;;
   172                           
   173     03E6                     _main:	
   174                           ;psect for function _main
   175                           
   176     03E6                     l9:	
   177                           ;incstack = 0
   178                           ; Regs used in _main: [wreg+status,2+status,0]
   179                           ;tp1.c: 23:     while(1){
   180                           
   181     03E6                     l563:
   182                           
   183                           ;tp1.c: 24:         num_a += 1;
   184     03E6  3001               	movlw	1
   185     03E7  1283               	bcf	3,5	;RP0=0, select bank0
   186     03E8  07A2               	addwf	_num_a,f
   187     03E9  1803               	skipnc
   188     03EA  0AA3               	incf	_num_a+1,f
   189     03EB  3000               	movlw	0
   190     03EC  07A3               	addwf	_num_a+1,f
   191     03ED                     l565:
   192                           
   193                           ;tp1.c: 26:         if(num_a == 10){
   194     03ED  300A               	movlw	10
   195     03EE  0622               	xorwf	_num_a,w
   196     03EF  0423               	iorwf	_num_a+1,w
   197     03F0  1D03               	btfss	3,2
   198     03F1  2BF3               	goto	u21
   199     03F2  2BF4               	goto	u20
   200     03F3                     u21:
   201     03F3  2BE6               	goto	l9
   202     03F4                     u20:
   203     03F4                     l567:
   204                           
   205                           ;tp1.c: 27:             num_a=0;
   206     03F4  01A2               	clrf	_num_a
   207     03F5  01A3               	clrf	_num_a+1
   208     03F6  2BE6               	goto	l9
   209     03F7  2800               	ljmp	start
   210     03F8                     __end_of_main:
   211     005E                     btemp	set	94	;btemp
   212     005E                     wtemp0	set	94
   213                           
   214                           	psect	config
   215                           
   216                           ;Config register CONFIG @ 0x2007
   217                           ;	Oscillator Selection bits
   218                           ;	FOSC = INTRCIO, INTOSC oscillator: I/O function on GP4/OSC2/CLKOUT pin, I/O function o
      +                          n GP5/OSC1/CLKIN
   219                           ;	Watchdog Timer Enable bit
   220                           ;	WDTE = OFF, WDT disabled
   221                           ;	Power-Up Timer Enable bit
   222                           ;	PWRTE = OFF, PWRT disabled
   223                           ;	GP3/MCLR pin function select
   224                           ;	MCLRE = OFF, GP3/MCLR pin function is digital I/O, MCLR internally tied to VDD
   225                           ;	Brown-out Detect Enable bit
   226                           ;	BOREN = ON, BOD enabled
   227                           ;	Code Protection bit
   228                           ;	CP = OFF, Program Memory code protection is disabled
   229                           ;	Data Code Protection bit
   230                           ;	CPD = OFF, Data memory code protection is disabled
   231     2007                     	org	8199
   232     2007  31D4               	dw	12756

Data Sizes:
    Strings     0
    Constant    0
    Data        0
    BSS         4
    Persistent  0
    Stack       0

Auto Spaces:
    Space          Size  Autos    Used
    COMMON            0      0       0
    BANK0            62      0       4

Pointer List with Targets:

    None.

Critical Paths under _main in COMMON

    None.

Critical Paths under _main in BANK0

    None.

Call Graph Tables:

 ---------------------------------------------------------------------------------
 (Depth) Function   	        Calls       Base Space   Used Autos Params    Refs
 ---------------------------------------------------------------------------------
 (0) _main                                                 0     0      0       0
 ---------------------------------------------------------------------------------
 Estimated maximum stack depth 0
 ---------------------------------------------------------------------------------

 Call Graph Graphs:

 _main (ROOT)

 Address spaces:
Name               Size   Autos  Total    Cost      Usage
BITCOMMON            0      0       0       0        0.0%
EEDATA              80      0       0       0        0.0%
NULL                 0      0       0       0        0.0%
CODE                 0      0       0       0        0.0%
BITSFR0              0      0       0       1        0.0%
SFR0                 0      0       0       1        0.0%
COMMON               0      0       0       1        0.0%
BITSFR1              0      0       0       2        0.0%
SFR1                 0      0       0       2        0.0%
STACK                0      0       0       2        0.0%
BITBANK0            3E      0       0       3        0.0%
BANK0               3E      0       4       4        6.5%
ABS                  0      0       4       5        0.0%
DATA                 0      0       4       6        0.0%


Microchip Technology PIC Macro Assembler V2.46 build 20240104201356 
Symbol Table                                                                                   Fri Apr 12 18:37:10 2024

                      l9 03E6                       u20 03F4                       u21 03F3  
                    l563 03E6                      l565 03ED                      l567 03F4  
                   _main 03E6                     btemp 005E                     start 0000  
                  ?_main 0000                    _num_a 0022                    _num_b 0020  
                  status 0003                    wtemp0 005E          __initialization 03F8  
           __end_of_main 03F8                   ??_main 0000  __end_of__initialization 03FD  
         __pcstackCOMMON 0000               __pbssBANK0 0020               __pmaintext 03E6  
   end_of_initialization 03FD      start_initialization 03F8                ___latbits 0000  
          __pcstackBANK0 0000  
